<?xml version="1.0" encoding="UTF-8"?>
<testsuite name="com.inventory.system.service.ProductServiceTest" tests="5" skipped="0" failures="0" errors="0" timestamp="2026-02-14T11:48:05.947Z" hostname="KAJAL" time="0.059">
  <properties/>
  <testcase name="getProduct_ShouldThrowException_WhenNotFound()" classname="com.inventory.system.service.ProductServiceTest" time="0.045"/>
  <testcase name="createProduct_ShouldThrowException_WhenCategoryNotFound()" classname="com.inventory.system.service.ProductServiceTest" time="0.004"/>
  <testcase name="getProduct_ShouldReturnDTO_WhenExists()" classname="com.inventory.system.service.ProductServiceTest" time="0.001"/>
  <testcase name="getAllProducts_ShouldReturnList()" classname="com.inventory.system.service.ProductServiceTest" time="0.003"/>
  <testcase name="createProduct_ShouldReturnDTO_WhenCategoryExists()" classname="com.inventory.system.service.ProductServiceTest" time="0.003"/>
  <system-out><![CDATA[]]></system-out>
  <system-err><![CDATA[]]></system-err>
</testsuite>
