<?xml version="1.0" encoding="UTF-8"?>
<testsuite name="com.inventory.system.pattern.observer.StockLevelMonitorTest" tests="2" skipped="0" failures="0" errors="0" timestamp="2026-02-14T11:48:05.759Z" hostname="KAJAL" time="0.042">
  <properties/>
  <testcase name="onStockChange_ShouldNotAlert_WhenAboveThreshold()" classname="com.inventory.system.pattern.observer.StockLevelMonitorTest" time="0.039"/>
  <testcase name="onStockChange_ShouldAlert_WhenBelowThreshold()" classname="com.inventory.system.pattern.observer.StockLevelMonitorTest" time="0.002"/>
  <system-out><![CDATA[]]></system-out>
  <system-err><![CDATA[]]></system-err>
</testsuite>
