<?xml version="1.0" encoding="UTF-8"?>
<testsuite name="com.inventory.system.entity.EntityCoverageTest" tests="6" skipped="0" failures="0" errors="0" timestamp="2026-02-14T11:48:04.846Z" hostname="KAJAL" time="0.008">
  <properties/>
  <testcase name="categoryEntityCoverage()" classname="com.inventory.system.entity.EntityCoverageTest" time="0.003"/>
  <testcase name="warehouseEntityCoverage()" classname="com.inventory.system.entity.EntityCoverageTest" time="0.0"/>
  <testcase name="stockEntityCoverage()" classname="com.inventory.system.entity.EntityCoverageTest" time="0.001"/>
  <testcase name="productEntityCoverage()" classname="com.inventory.system.entity.EntityCoverageTest" time="0.001"/>
  <testcase name="auditLogEntityCoverage()" classname="com.inventory.system.entity.EntityCoverageTest" time="0.001"/>
  <testcase name="baseEntityCoverage()" classname="com.inventory.system.entity.EntityCoverageTest" time="0.001"/>
  <system-out><![CDATA[]]></system-out>
  <system-err><![CDATA[]]></system-err>
</testsuite>
