<?xml version="1.0" encoding="UTF-8"?>
<testsuite name="com.inventory.system.service.CategoryServiceTest" tests="2" skipped="0" failures="0" errors="0" timestamp="2026-02-14T11:48:05.816Z" hostname="KAJAL" time="0.127">
  <properties/>
  <testcase name="getAllCategories_ShouldReturnList_WhenNotEmpty()" classname="com.inventory.system.service.CategoryServiceTest" time="0.121"/>
  <testcase name="createCategory_ShouldReturnDTO_WhenSuccessful()" classname="com.inventory.system.service.CategoryServiceTest" time="0.005"/>
  <system-out><![CDATA[]]></system-out>
  <system-err><![CDATA[]]></system-err>
</testsuite>
