<?xml version="1.0" encoding="UTF-8"?>
<testsuite name="com.inventory.system.mapper.CategoryMapperTest" tests="2" skipped="0" failures="0" errors="0" timestamp="2026-02-14T11:48:04.872Z" hostname="KAJAL" time="0.002">
  <properties/>
  <testcase name="toDTO_ShouldMapFields()" classname="com.inventory.system.mapper.CategoryMapperTest" time="0.001"/>
  <testcase name="toEntity_ShouldMapFields()" classname="com.inventory.system.mapper.CategoryMapperTest" time="0.0"/>
  <system-out><![CDATA[]]></system-out>
  <system-err><![CDATA[]]></system-err>
</testsuite>
