<?xml version="1.0" encoding="UTF-8"?>
<testsuite name="com.inventory.system.InventoryH2IntegrationTest" tests="1" skipped="0" failures="0" errors="0" timestamp="2026-02-14T11:48:02.102Z" hostname="KAJAL" time="0.893">
  <properties/>
  <testcase name="testStockInFlow()" classname="com.inventory.system.InventoryH2IntegrationTest" time="0.893"/>
  <system-out><![CDATA[17:17:53.594 [Test worker] INFO org.springframework.test.context.support.AnnotationConfigContextLoaderUtils -- Could not detect default configuration classes for test class [com.inventory.system.InventoryH2IntegrationTest]: InventoryH2IntegrationTest does not declare any static, non-private, non-final, nested classes annotated with @Configuration.
17:17:53.800 [Test worker] INFO org.springframework.boot.test.context.SpringBootTestContextBootstrapper -- Found @SpringBootConfiguration com.inventory.system.InventoryApplication for test class com.inventory.system.InventoryH2IntegrationTest

  .   ____          _            __ _ _
 /\\ / ___'_ __ _ _(_)_ __  __ _ \ \ \ \
( ( )\___ | '_ | '_| | '_ \/ _` | \ \ \ \
 \\/  ___)| |_)| | | | | || (_| |  ) ) ) )
  '  |____| .__|_| |_|_| |_\__, | / / / /
 =========|_|==============|___/=/_/_/_/
 :: Spring Boot ::                (v3.2.2)

2026-02-14T17:17:54.675+05:30  INFO 31032 --- [inventory-service] [    Test worker] c.i.system.InventoryH2IntegrationTest    : Starting InventoryH2IntegrationTest using Java 21.0.10 with PID 31032 (started by kajal in E:\anti-gravity workspace\inventory-management-system)
2026-02-14T17:17:54.683+05:30 DEBUG 31032 --- [inventory-service] [    Test worker] c.i.system.InventoryH2IntegrationTest    : Running with Spring Boot v3.2.2, Spring v6.1.3
2026-02-14T17:17:54.683+05:30  INFO 31032 --- [inventory-service] [    Test worker] c.i.system.InventoryH2IntegrationTest    : The following 1 profile is active: "test"
2026-02-14T17:17:55.888+05:30  INFO 31032 --- [inventory-service] [    Test worker] .s.d.r.c.RepositoryConfigurationDelegate : Bootstrapping Spring Data JPA repositories in DEFAULT mode.
2026-02-14T17:17:56.058+05:30  INFO 31032 --- [inventory-service] [    Test worker] .s.d.r.c.RepositoryConfigurationDelegate : Finished Spring Data repository scanning in 156 ms. Found 6 JPA repository interfaces.
2026-02-14T17:17:56.864+05:30  INFO 31032 --- [inventory-service] [    Test worker] o.hibernate.jpa.internal.util.LogHelper  : HHH000204: Processing PersistenceUnitInfo [name: default]
2026-02-14T17:17:57.079+05:30  INFO 31032 --- [inventory-service] [    Test worker] org.hibernate.Version                    : HHH000412: Hibernate ORM core version 6.4.1.Final
2026-02-14T17:17:57.227+05:30  INFO 31032 --- [inventory-service] [    Test worker] o.h.c.internal.RegionFactoryInitiator    : HHH000026: Second-level cache disabled
2026-02-14T17:17:57.644+05:30  INFO 31032 --- [inventory-service] [    Test worker] o.s.o.j.p.SpringPersistenceUnitInfo      : No LoadTimeWeaver setup: ignoring JPA class transformer
2026-02-14T17:17:57.717+05:30  INFO 31032 --- [inventory-service] [    Test worker] com.zaxxer.hikari.HikariDataSource       : HikariPool-1 - Starting...
2026-02-14T17:17:58.244+05:30  INFO 31032 --- [inventory-service] [    Test worker] com.zaxxer.hikari.pool.HikariPool        : HikariPool-1 - Added connection conn0: url=jdbc:h2:mem:testdb user=SA
2026-02-14T17:17:58.256+05:30  INFO 31032 --- [inventory-service] [    Test worker] com.zaxxer.hikari.HikariDataSource       : HikariPool-1 - Start completed.
2026-02-14T17:17:58.330+05:30  WARN 31032 --- [inventory-service] [    Test worker] org.hibernate.orm.deprecation            : HHH90000025: H2Dialect does not need to be specified explicitly using 'hibernate.dialect' (remove the property setting and it will be selected by default)
2026-02-14T17:18:00.044+05:30  INFO 31032 --- [inventory-service] [    Test worker] o.h.e.t.j.p.i.JtaPlatformInitiator       : HHH000489: No JTA platform available (set 'hibernate.transaction.jta.platform' to enable JTA platform integration)
2026-02-14T17:18:00.117+05:30  INFO 31032 --- [inventory-service] [    Test worker] j.LocalContainerEntityManagerFactoryBean : Initialized JPA EntityManagerFactory for persistence unit 'default'
2026-02-14T17:18:00.919+05:30  WARN 31032 --- [inventory-service] [    Test worker] JpaBaseConfiguration$JpaWebConfiguration : spring.jpa.open-in-view is enabled by default. Therefore, database queries may be performed during view rendering. Explicitly configure spring.jpa.open-in-view to disable this warning
2026-02-14T17:18:01.425+05:30  INFO 31032 --- [inventory-service] [    Test worker] o.s.b.t.m.w.SpringBootMockServletContext : Initializing Spring TestDispatcherServlet ''
2026-02-14T17:18:01.425+05:30  INFO 31032 --- [inventory-service] [    Test worker] o.s.t.web.servlet.TestDispatcherServlet  : Initializing Servlet ''
2026-02-14T17:18:01.425+05:30  INFO 31032 --- [inventory-service] [    Test worker] o.s.t.web.servlet.TestDispatcherServlet  : Completed initialization in 0 ms
2026-02-14T17:18:01.461+05:30  INFO 31032 --- [inventory-service] [    Test worker] c.i.system.InventoryH2IntegrationTest    : Started InventoryH2IntegrationTest in 7.362 seconds (process running for 9.494)
PRE-LOADED: Main Warehouse (ID: 1)
]]></system-out>
  <system-err><![CDATA[WARNING: A Java agent has been loaded dynamically (C:\Users\kajal\.gradle\caches\modules-2\files-2.1\net.bytebuddy\byte-buddy-agent\1.14.11\f9cb566608fbac6bc7bf54901a7aa11543a989ee\byte-buddy-agent-1.14.11.jar)
WARNING: If a serviceability tool is in use, please run with -XX:+EnableDynamicAgentLoading to hide this warning
WARNING: If a serviceability tool is not in use, please run with -Djdk.instrument.traceUsage for more information
WARNING: Dynamic loading of agents will be disallowed by default in a future release
]]></system-err>
</testsuite>
