<?xml version="1.0" encoding="UTF-8"?>
<testsuite name="com.inventory.system.controller.CategoryControllerTest" tests="2" skipped="0" failures="0" errors="0" timestamp="2026-02-14T11:48:03.670Z" hostname="KAJAL" time="0.243">
  <properties/>
  <testcase name="createCategory_ShouldReturnCreated()" classname="com.inventory.system.controller.CategoryControllerTest" time="0.225"/>
  <testcase name="getAllCategories_ShouldReturnList()" classname="com.inventory.system.controller.CategoryControllerTest" time="0.015"/>
  <system-out><![CDATA[2026-02-14T17:18:03.008+05:30  INFO 31032 --- [inventory-service] [    Test worker] t.c.s.AnnotationConfigContextLoaderUtils : Could not detect default configuration classes for test class [com.inventory.system.controller.CategoryControllerTest]: CategoryControllerTest does not declare any static, non-private, non-final, nested classes annotated with @Configuration.
2026-02-14T17:18:03.051+05:30  INFO 31032 --- [inventory-service] [    Test worker] .b.t.c.SpringBootTestContextBootstrapper : Found @SpringBootConfiguration com.inventory.system.InventoryApplication for test class com.inventory.system.controller.CategoryControllerTest

  .   ____          _            __ _ _
 /\\ / ___'_ __ _ _(_)_ __  __ _ \ \ \ \
( ( )\___ | '_ | '_| | '_ \/ _` | \ \ \ \
 \\/  ___)| |_)| | | | | || (_| |  ) ) ) )
  '  |____| .__|_| |_|_| |_\__, | / / / /
 =========|_|==============|___/=/_/_/_/
 :: Spring Boot ::                (v3.2.2)

2026-02-14T17:18:03.080+05:30  INFO 31032 --- [inventory-service] [    Test worker] c.i.s.controller.CategoryControllerTest  : Starting CategoryControllerTest using Java 21.0.10 with PID 31032 (started by kajal in E:\anti-gravity workspace\inventory-management-system)
2026-02-14T17:18:03.081+05:30 DEBUG 31032 --- [inventory-service] [    Test worker] c.i.s.controller.CategoryControllerTest  : Running with Spring Boot v3.2.2, Spring v6.1.3
2026-02-14T17:18:03.081+05:30  INFO 31032 --- [inventory-service] [    Test worker] c.i.s.controller.CategoryControllerTest  : No active profile set, falling back to 1 default profile: "default"
2026-02-14T17:18:03.638+05:30  INFO 31032 --- [inventory-service] [    Test worker] o.s.b.t.m.w.SpringBootMockServletContext : Initializing Spring TestDispatcherServlet ''
2026-02-14T17:18:03.638+05:30  INFO 31032 --- [inventory-service] [    Test worker] o.s.t.web.servlet.TestDispatcherServlet  : Initializing Servlet ''
2026-02-14T17:18:03.640+05:30  INFO 31032 --- [inventory-service] [    Test worker] o.s.t.web.servlet.TestDispatcherServlet  : Completed initialization in 2 ms
2026-02-14T17:18:03.654+05:30  INFO 31032 --- [inventory-service] [    Test worker] c.i.s.controller.CategoryControllerTest  : Started CategoryControllerTest in 0.599 seconds (process running for 11.69)
]]></system-out>
  <system-err><![CDATA[]]></system-err>
</testsuite>
