<?xml version="1.0" encoding="UTF-8"?>
<testsuite name="com.inventory.system.controller.ProductControllerTest" tests="3" skipped="0" failures="0" errors="0" timestamp="2026-02-14T11:48:04.766Z" hostname="KAJAL" time="0.053">
  <properties/>
  <testcase name="getProduct_ShouldReturnProduct()" classname="com.inventory.system.controller.ProductControllerTest" time="0.017"/>
  <testcase name="createProduct_ShouldReturnCreated()" classname="com.inventory.system.controller.ProductControllerTest" time="0.027"/>
  <testcase name="getAllProducts_ShouldReturnList()" classname="com.inventory.system.controller.ProductControllerTest" time="0.005"/>
  <system-out><![CDATA[2026-02-14T17:18:04.388+05:30  INFO 31032 --- [inventory-service] [    Test worker] t.c.s.AnnotationConfigContextLoaderUtils : Could not detect default configuration classes for test class [com.inventory.system.controller.ProductControllerTest]: ProductControllerTest does not declare any static, non-private, non-final, nested classes annotated with @Configuration.
2026-02-14T17:18:04.398+05:30  INFO 31032 --- [inventory-service] [    Test worker] .b.t.c.SpringBootTestContextBootstrapper : Found @SpringBootConfiguration com.inventory.system.InventoryApplication for test class com.inventory.system.controller.ProductControllerTest

  .   ____          _            __ _ _
 /\\ / ___'_ __ _ _(_)_ __  __ _ \ \ \ \
( ( )\___ | '_ | '_| | '_ \/ _` | \ \ \ \
 \\/  ___)| |_)| | | | | || (_| |  ) ) ) )
  '  |____| .__|_| |_|_| |_\__, | / / / /
 =========|_|==============|___/=/_/_/_/
 :: Spring Boot ::                (v3.2.2)

2026-02-14T17:18:04.429+05:30  INFO 31032 --- [inventory-service] [    Test worker] c.i.s.controller.ProductControllerTest   : Starting ProductControllerTest using Java 21.0.10 with PID 31032 (started by kajal in E:\anti-gravity workspace\inventory-management-system)
2026-02-14T17:18:04.429+05:30 DEBUG 31032 --- [inventory-service] [    Test worker] c.i.s.controller.ProductControllerTest   : Running with Spring Boot v3.2.2, Spring v6.1.3
2026-02-14T17:18:04.429+05:30  INFO 31032 --- [inventory-service] [    Test worker] c.i.s.controller.ProductControllerTest   : No active profile set, falling back to 1 default profile: "default"
2026-02-14T17:18:04.758+05:30  INFO 31032 --- [inventory-service] [    Test worker] o.s.b.t.m.w.SpringBootMockServletContext : Initializing Spring TestDispatcherServlet ''
2026-02-14T17:18:04.758+05:30  INFO 31032 --- [inventory-service] [    Test worker] o.s.t.web.servlet.TestDispatcherServlet  : Initializing Servlet ''
2026-02-14T17:18:04.758+05:30  INFO 31032 --- [inventory-service] [    Test worker] o.s.t.web.servlet.TestDispatcherServlet  : Completed initialization in 0 ms
2026-02-14T17:18:04.764+05:30  INFO 31032 --- [inventory-service] [    Test worker] c.i.s.controller.ProductControllerTest   : Started ProductControllerTest in 0.363 seconds (process running for 12.798)
]]></system-out>
  <system-err><![CDATA[]]></system-err>
</testsuite>
