<?xml version="1.0" encoding="UTF-8"?>
<testsuite name="com.inventory.system.mapper.ProductMapperTest" tests="2" skipped="0" failures="0" errors="0" timestamp="2026-02-14T11:48:04.876Z" hostname="KAJAL" time="0.002">
  <properties/>
  <testcase name="toDTO_ShouldMapFields()" classname="com.inventory.system.mapper.ProductMapperTest" time="0.0"/>
  <testcase name="toEntity_ShouldMapFields()" classname="com.inventory.system.mapper.ProductMapperTest" time="0.001"/>
  <system-out><![CDATA[]]></system-out>
  <system-err><![CDATA[]]></system-err>
</testsuite>
