<?xml version="1.0" encoding="UTF-8"?>
<testsuite name="com.inventory.system.controller.InventoryControllerTest" tests="1" skipped="0" failures="0" errors="0" timestamp="2026-02-14T11:48:04.356Z" hostname="KAJAL" time="0.03">
  <properties/>
  <testcase name="operateStock_ShouldReturnOk()" classname="com.inventory.system.controller.InventoryControllerTest" time="0.03"/>
  <system-out><![CDATA[2026-02-14T17:18:03.923+05:30  INFO 31032 --- [inventory-service] [    Test worker] t.c.s.AnnotationConfigContextLoaderUtils : Could not detect default configuration classes for test class [com.inventory.system.controller.InventoryControllerTest]: InventoryControllerTest does not declare any static, non-private, non-final, nested classes annotated with @Configuration.
2026-02-14T17:18:03.934+05:30  INFO 31032 --- [inventory-service] [    Test worker] .b.t.c.SpringBootTestContextBootstrapper : Found @SpringBootConfiguration com.inventory.system.InventoryApplication for test class com.inventory.system.controller.InventoryControllerTest

  .   ____          _            __ _ _
 /\\ / ___'_ __ _ _(_)_ __  __ _ \ \ \ \
( ( )\___ | '_ | '_| | '_ \/ _` | \ \ \ \
 \\/  ___)| |_)| | | | | || (_| |  ) ) ) )
  '  |____| .__|_| |_|_| |_\__, | / / / /
 =========|_|==============|___/=/_/_/_/
 :: Spring Boot ::                (v3.2.2)

2026-02-14T17:18:03.977+05:30  INFO 31032 --- [inventory-service] [    Test worker] c.i.s.c.InventoryControllerTest          : Starting InventoryControllerTest using Java 21.0.10 with PID 31032 (started by kajal in E:\anti-gravity workspace\inventory-management-system)
2026-02-14T17:18:03.977+05:30 DEBUG 31032 --- [inventory-service] [    Test worker] c.i.s.c.InventoryControllerTest          : Running with Spring Boot v3.2.2, Spring v6.1.3
2026-02-14T17:18:03.977+05:30  INFO 31032 --- [inventory-service] [    Test worker] c.i.s.c.InventoryControllerTest          : No active profile set, falling back to 1 default profile: "default"
2026-02-14T17:18:04.346+05:30  INFO 31032 --- [inventory-service] [    Test worker] o.s.b.t.m.w.SpringBootMockServletContext : Initializing Spring TestDispatcherServlet ''
2026-02-14T17:18:04.346+05:30  INFO 31032 --- [inventory-service] [    Test worker] o.s.t.web.servlet.TestDispatcherServlet  : Initializing Servlet ''
2026-02-14T17:18:04.348+05:30  INFO 31032 --- [inventory-service] [    Test worker] o.s.t.web.servlet.TestDispatcherServlet  : Completed initialization in 0 ms
2026-02-14T17:18:04.352+05:30  INFO 31032 --- [inventory-service] [    Test worker] c.i.s.c.InventoryControllerTest          : Started InventoryControllerTest in 0.41 seconds (process running for 12.388)
]]></system-out>
  <system-err><![CDATA[]]></system-err>
</testsuite>
